# JRE version: OpenJDK Runtime Environment (7.0_95) (build 1.7.0_95-b00)
# Java VM: OpenJDK Server VM (24.95-b01 mixed mode linux-x86 )
Heap
 PSYoungGen      total 123904K, used 13042K [0x9dbc0000, 0xa6340000, 0xb3140000)
  eden space 110848K, 0% used [0x9dbc0000,0x9dbc0000,0xa4800000)
  from space 13056K, 99% used [0xa4800000,0xa54bca10,0xa54c0000)
  to   space 11264K, 0% used [0xa54c0000,0xa54c0000,0xa5fc0000)
 ParOldGen       total 36352K, used 36340K [0x73140000, 0x754c0000, 0x9dbc0000)
  object space 36352K, 99% used [0x73140000,0x754bd360,0x754c0000)
 PSPermGen       total 16384K, used 4234K [0x6b140000, 0x6c140000, 0x73140000)
  object space 16384K, 25% used [0x6b140000,0x6b562b78,0x6c140000)
GC Heap History (10 events):
Event: 2.375 GC heap after
Heap after GC invocations=2 (full 0):
 PSYoungGen      total 30208K, used 2036K [0x9dbc0000, 0x9fb40000, 0xb3140000)
  eden space 28160K, 0% used [0x9dbc0000,0x9dbc0000,0x9f740000)
  from space 2048K, 99% used [0x9f940000,0x9fb3d1e8,0x9fb40000)
  to   space 2048K, 0% used [0x9f740000,0x9f740000,0x9f940000)
 ParOldGen       total 36352K, used 4313K [0x73140000, 0x754c0000, 0x9dbc0000)
  object space 36352K, 11% used [0x73140000,0x73576758,0x754c0000)
 PSPermGen       total 16384K, used 4076K [0x6b140000, 0x6c140000, 0x73140000)
  object space 16384K, 24% used [0x6b140000,0x6b53b2e0,0x6c140000)
}
Event: 4.165 GC heap before
{Heap before GC invocations=3 (full 0):
 PSYoungGen      total 30208K, used 30196K [0x9dbc0000, 0x9fb40000, 0xb3140000)
  eden space 28160K, 100% used [0x9dbc0000,0x9f740000,0x9f740000)
  from space 2048K, 99% used [0x9f940000,0x9fb3d1e8,0x9fb40000)
  to   space 2048K, 0% used [0x9f740000,0x9f740000,0x9f940000)
 ParOldGen       total 36352K, used 4313K [0x73140000, 0x754c0000, 0x9dbc0000)
  object space 36352K, 11% used [0x73140000,0x73576758,0x754c0000)
 PSPermGen       total 16384K, used 4125K [0x6b140000, 0x6c140000, 0x73140000)
  object space 16384K, 25% used [0x6b140000,0x6b547728,0x6c140000)
Event: 4.246 GC heap after
Heap after GC invocations=3 (full 0):
 PSYoungGen      total 30208K, used 2034K [0x9dbc0000, 0xa16c0000, 0xb3140000)
  eden space 28160K, 0% used [0x9dbc0000,0x9dbc0000,0x9f740000)
  from space 2048K, 99% used [0x9f740000,0x9f93c890,0x9f940000)
  to   space 2048K, 0% used [0xa14c0000,0xa14c0000,0xa16c0000)
 ParOldGen       total 36352K, used 8341K [0x73140000, 0x754c0000, 0x9dbc0000)
  object space 36352K, 22% used [0x73140000,0x73965630,0x754c0000)
 PSPermGen       total 16384K, used 4125K [0x6b140000, 0x6c140000, 0x73140000)
  object space 16384K, 25% used [0x6b140000,0x6b547728,0x6c140000)
}
Event: 5.545 GC heap before
{Heap before GC invocations=4 (full 0):
 PSYoungGen      total 30208K, used 30194K [0x9dbc0000, 0xa16c0000, 0xb3140000)
  eden space 28160K, 100% used [0x9dbc0000,0x9f740000,0x9f740000)
  from space 2048K, 99% used [0x9f740000,0x9f93c890,0x9f940000)
  to   space 2048K, 0% used [0xa14c0000,0xa14c0000,0xa16c0000)
 ParOldGen       total 36352K, used 8341K [0x73140000, 0x754c0000, 0x9dbc0000)
  object space 36352K, 22% used [0x73140000,0x73965630,0x754c0000)
 PSPermGen       total 16384K, used 4144K [0x6b140000, 0x6c140000, 0x73140000)
  object space 16384K, 25% used [0x6b140000,0x6b54c3a0,0x6c140000)
Event: 5.623 GC heap after
Heap after GC invocations=4 (full 0):
 PSYoungGen      total 58368K, used 2044K [0x9dbc0000, 0xa16c0000, 0xb3140000)
  eden space 56320K, 0% used [0x9dbc0000,0x9dbc0000,0xa12c0000)
  from space 2048K, 99% used [0xa14c0000,0xa16bf348,0xa16c0000)
  to   space 2048K, 0% used [0xa12c0000,0xa12c0000,0xa14c0000)
 ParOldGen       total 36352K, used 13369K [0x73140000, 0x754c0000, 0x9dbc0000)
  object space 36352K, 36% used [0x73140000,0x73e4e438,0x754c0000)
 PSPermGen       total 16384K, used 4144K [0x6b140000, 0x6c140000, 0x73140000)
  object space 16384K, 25% used [0x6b140000,0x6b54c3a0,0x6c140000)
}
Event: 7.889 GC heap before
{Heap before GC invocations=5 (full 0):
 PSYoungGen      total 58368K, used 58364K [0x9dbc0000, 0xa16c0000, 0xb3140000)
  eden space 56320K, 100% used [0x9dbc0000,0xa12c0000,0xa12c0000)
  from space 2048K, 99% used [0xa14c0000,0xa16bf348,0xa16c0000)
  to   space 2048K, 0% used [0xa12c0000,0xa12c0000,0xa14c0000)
 ParOldGen       total 36352K, used 13369K [0x73140000, 0x754c0000, 0x9dbc0000)
  object space 36352K, 36% used [0x73140000,0x73e4e438,0x754c0000)
 PSPermGen       total 16384K, used 4174K [0x6b140000, 0x6c140000, 0x73140000)
  object space 16384K, 25% used [0x6b140000,0x6b553880,0x6c140000)
Event: 7.996 GC heap after
Heap after GC invocations=5 (full 0):
 PSYoungGen      total 58368K, used 2038K [0x9dbc0000, 0xa5fc0000, 0xb3140000)
  eden space 56320K, 0% used [0x9dbc0000,0x9dbc0000,0xa12c0000)
  from space 2048K, 99% used [0xa12c0000,0xa14bd818,0xa14c0000)
  to   space 11264K, 0% used [0xa54c0000,0xa54c0000,0xa5fc0000)
 ParOldGen       total 36352K, used 22109K [0x73140000, 0x754c0000, 0x9dbc0000)
  object space 36352K, 60% used [0x73140000,0x746d7570,0x754c0000)
 PSPermGen       total 16384K, used 4174K [0x6b140000, 0x6c140000, 0x73140000)
  object space 16384K, 25% used [0x6b140000,0x6b553880,0x6c140000)
}
Event: 9.539 GC heap before
{Heap before GC invocations=6 (full 0):
 PSYoungGen      total 58368K, used 58358K [0x9dbc0000, 0xa5fc0000, 0xb3140000)
  eden space 56320K, 100% used [0x9dbc0000,0xa12c0000,0xa12c0000)
  from space 2048K, 99% used [0xa12c0000,0xa14bd818,0xa14c0000)
  to   space 11264K, 0% used [0xa54c0000,0xa54c0000,0xa5fc0000)
 ParOldGen       total 36352K, used 22109K [0x73140000, 0x754c0000, 0x9dbc0000)
  object space 36352K, 60% used [0x73140000,0x746d7570,0x754c0000)
 PSPermGen       total 16384K, used 4187K [0x6b140000, 0x6c140000, 0x73140000)
  object space 16384K, 25% used [0x6b140000,0x6b556c18,0x6c140000)
Event: 9.663 GC heap after
Heap after GC invocations=6 (full 0):
 PSYoungGen      total 122112K, used 11069K [0x9dbc0000, 0xa6340000, 0xb3140000)
  eden space 110848K, 0% used [0x9dbc0000,0x9dbc0000,0xa4800000)
  from space 11264K, 98% used [0xa54c0000,0xa5f8f460,0xa5fc0000)
  to   space 13056K, 0% used [0xa4800000,0xa4800000,0xa54c0000)
 ParOldGen       total 36352K, used 22109K [0x73140000, 0x754c0000, 0x9dbc0000)
  object space 36352K, 60% used [0x73140000,0x746d7570,0x754c0000)
 PSPermGen       total 16384K, used 4187K [0x6b140000, 0x6c140000, 0x73140000)
  object space 16384K, 25% used [0x6b140000,0x6b556c18,0x6c140000)
}
Event: 12.480 GC heap before
{Heap before GC invocations=7 (full 0):
 PSYoungGen      total 122112K, used 121917K [0x9dbc0000, 0xa6340000, 0xb3140000)
  eden space 110848K, 100% used [0x9dbc0000,0xa4800000,0xa4800000)
  from space 11264K, 98% used [0xa54c0000,0xa5f8f460,0xa5fc0000)
  to   space 13056K, 0% used [0xa4800000,0xa4800000,0xa54c0000)
 ParOldGen       total 36352K, used 22109K [0x73140000, 0x754c0000, 0x9dbc0000)
  object space 36352K, 60% used [0x73140000,0x746d7570,0x754c0000)
 PSPermGen       total 16384K, used 4234K [0x6b140000, 0x6c140000, 0x73140000)
  object space 16384K, 25% used [0x6b140000,0x6b562b78,0x6c140000)

